# JRE version: OpenJDK Runtime Environment (8.0_152-b01) (build 1.8.0_152-release-1343-b01)
# Java VM: OpenJDK 64-Bit Server VM (25.152-b01 mixed mode windows-amd64 compressed oops)
Heap:
 PSYoungGen      total 407040K, used 165689K [0x00000000e0000000, 0x0000000100000000, 0x0000000100000000)
  eden space 289792K, 38% used [0x00000000e0000000,0x00000000e6cac6c0,0x00000000f1b00000)
  from space 117248K, 46% used [0x00000000f1b00000,0x00000000f5022108,0x00000000f8d80000)
  to   space 113664K, 0% used [0x00000000f9100000,0x00000000f9100000,0x0000000100000000)
 ParOldGen       total 588800K, used 243312K [0x00000000a0000000, 0x00000000c3f00000, 0x00000000e0000000)
  object space 588800K, 41% used [0x00000000a0000000,0x00000000aed9c1e0,0x00000000c3f00000)
 Metaspace       used 87929K, capacity 90974K, committed 93976K, reserved 1130496K
  class space    used 11259K, capacity 11901K, committed 12584K, reserved 1048576K
GC Heap History (10 events):
Event: 22.039 GC heap before
{Heap before GC invocations=19 (full 3):
 PSYoungGen      total 359424K, used 328739K [0x00000000e0000000, 0x00000000fd800000, 0x0000000100000000)
  eden space 306176K, 100% used [0x00000000e0000000,0x00000000f2b00000,0x00000000f2b00000)
  from space 53248K, 42% used [0x00000000f2b00000,0x00000000f4108fb8,0x00000000f5f00000)
  to   space 50688K, 0% used [0x00000000fa680000,0x00000000fa680000,0x00000000fd800000)
 ParOldGen       total 263168K, used 97876K [0x00000000a0000000, 0x00000000b0100000, 0x00000000e0000000)
  object space 263168K, 37% used [0x00000000a0000000,0x00000000a5f95298,0x00000000b0100000)
 Metaspace       used 87911K, capacity 92648K, committed 92824K, reserved 1130496K
  class space    used 11512K, capacity 12374K, committed 12456K, reserved 1048576K
Event: 22.054 GC heap after
Heap after GC invocations=19 (full 3):
 PSYoungGen      total 424448K, used 22791K [0x00000000e0000000, 0x00000000fd180000, 0x0000000100000000)
  eden space 380416K, 0% used [0x00000000e0000000,0x00000000e0000000,0x00000000f7380000)
  from space 44032K, 51% used [0x00000000fa680000,0x00000000fbcc1f18,0x00000000fd180000)
  to   space 48128K, 0% used [0x00000000f7380000,0x00000000f7380000,0x00000000fa280000)
 ParOldGen       total 263168K, used 97884K [0x00000000a0000000, 0x00000000b0100000, 0x00000000e0000000)
  object space 263168K, 37% used [0x00000000a0000000,0x00000000a5f97298,0x00000000b0100000)
 Metaspace       used 87911K, capacity 92648K, committed 92824K, reserved 1130496K
  class space    used 11512K, capacity 12374K, committed 12456K, reserved 1048576K
}
Event: 23.248 GC heap before
{Heap before GC invocations=20 (full 3):
 PSYoungGen      total 424448K, used 403207K [0x00000000e0000000, 0x00000000fd180000, 0x0000000100000000)
  eden space 380416K, 100% used [0x00000000e0000000,0x00000000f7380000,0x00000000f7380000)
  from space 44032K, 51% used [0x00000000fa680000,0x00000000fbcc1f18,0x00000000fd180000)
  to   space 48128K, 0% used [0x00000000f7380000,0x00000000f7380000,0x00000000fa280000)
 ParOldGen       total 263168K, used 97884K [0x00000000a0000000, 0x00000000b0100000, 0x00000000e0000000)
  object space 263168K, 37% used [0x00000000a0000000,0x00000000a5f97298,0x00000000b0100000)
 Metaspace       used 88351K, capacity 93028K, committed 93080K, reserved 1130496K
  class space    used 11535K, capacity 12410K, committed 12456K, reserved 1048576K
Event: 23.285 GC heap after
Heap after GC invocations=20 (full 3):
 PSYoungGen      total 428544K, used 48124K [0x00000000e0000000, 0x0000000100000000, 0x0000000100000000)
  eden space 380416K, 0% used [0x00000000e0000000,0x00000000e0000000,0x00000000f7380000)
  from space 48128K, 99% used [0x00000000f7380000,0x00000000fa27f020,0x00000000fa280000)
  to   space 70656K, 0% used [0x00000000fbb00000,0x00000000fbb00000,0x0000000100000000)
 ParOldGen       total 263168K, used 140785K [0x00000000a0000000, 0x00000000b0100000, 0x00000000e0000000)
  object space 263168K, 53% used [0x00000000a0000000,0x00000000a897c758,0x00000000b0100000)
 Metaspace       used 88351K, capacity 93028K, committed 93080K, reserved 1130496K
  class space    used 11535K, capacity 12410K, committed 12456K, reserved 1048576K
}
Event: 24.895 GC heap before
{Heap before GC invocations=21 (full 3):
 PSYoungGen      total 428544K, used 428540K [0x00000000e0000000, 0x0000000100000000, 0x0000000100000000)
  eden space 380416K, 100% used [0x00000000e0000000,0x00000000f7380000,0x00000000f7380000)
  from space 48128K, 99% used [0x00000000f7380000,0x00000000fa27f020,0x00000000fa280000)
  to   space 70656K, 0% used [0x00000000fbb00000,0x00000000fbb00000,0x0000000100000000)
 ParOldGen       total 263168K, used 140785K [0x00000000a0000000, 0x00000000b0100000, 0x00000000e0000000)
  object space 263168K, 53% used [0x00000000a0000000,0x00000000a897c758,0x00000000b0100000)
 Metaspace       used 88918K, capacity 93746K, committed 93976K, reserved 1130496K
  class space    used 11603K, capacity 12499K, committed 12584K, reserved 1048576K
Event: 24.993 GC heap after
Heap after GC invocations=21 (full 3):
 PSYoungGen      total 360448K, used 70628K [0x00000000e0000000, 0x0000000100000000, 0x0000000100000000)
  eden space 289792K, 0% used [0x00000000e0000000,0x00000000e0000000,0x00000000f1b00000)
  from space 70656K, 99% used [0x00000000fbb00000,0x00000000ffff90d0,0x0000000100000000)
  to   space 117248K, 0% used [0x00000000f1b00000,0x00000000f1b00000,0x00000000f8d80000)
 ParOldGen       total 263168K, used 237315K [0x00000000a0000000, 0x00000000b0100000, 0x00000000e0000000)
  object space 263168K, 90% used [0x00000000a0000000,0x00000000ae7c0ec8,0x00000000b0100000)
 Metaspace       used 88918K, capacity 93746K, committed 93976K, reserved 1130496K
  class space    used 11603K, capacity 12499K, committed 12584K, reserved 1048576K
}
Event: 24.993 GC heap before
{Heap before GC invocations=22 (full 4):
 PSYoungGen      total 360448K, used 70628K [0x00000000e0000000, 0x0000000100000000, 0x0000000100000000)
  eden space 289792K, 0% used [0x00000000e0000000,0x00000000e0000000,0x00000000f1b00000)
  from space 70656K, 99% used [0x00000000fbb00000,0x00000000ffff90d0,0x0000000100000000)
  to   space 117248K, 0% used [0x00000000f1b00000,0x00000000f1b00000,0x00000000f8d80000)
 ParOldGen       total 263168K, used 237315K [0x00000000a0000000, 0x00000000b0100000, 0x00000000e0000000)
  object space 263168K, 90% used [0x00000000a0000000,0x00000000ae7c0ec8,0x00000000b0100000)
 Metaspace       used 88918K, capacity 93746K, committed 93976K, reserved 1130496K
  class space    used 11603K, capacity 12499K, committed 12584K, reserved 1048576K
Event: 25.533 GC heap after
Heap after GC invocations=22 (full 4):
 PSYoungGen      total 360448K, used 0K [0x00000000e0000000, 0x0000000100000000, 0x0000000100000000)
  eden space 289792K, 0% used [0x00000000e0000000,0x00000000e0000000,0x00000000f1b00000)
  from space 70656K, 0% used [0x00000000fbb00000,0x00000000fbb00000,0x0000000100000000)
  to   space 117248K, 0% used [0x00000000f1b00000,0x00000000f1b00000,0x00000000f8d80000)
 ParOldGen       total 588800K, used 243312K [0x00000000a0000000, 0x00000000c3f00000, 0x00000000e0000000)
  object space 588800K, 41% used [0x00000000a0000000,0x00000000aed9c1e0,0x00000000c3f00000)
 Metaspace       used 87896K, capacity 90960K, committed 93976K, reserved 1130496K
  class space    used 11255K, capacity 11896K, committed 12584K, reserved 1048576K
}
Event: 26.174 GC heap before
{Heap before GC invocations=23 (full 4):
 PSYoungGen      total 360448K, used 285541K [0x00000000e0000000, 0x0000000100000000, 0x0000000100000000)
  eden space 289792K, 98% used [0x00000000e0000000,0x00000000f16d9780,0x00000000f1b00000)
  from space 70656K, 0% used [0x00000000fbb00000,0x00000000fbb00000,0x0000000100000000)
  to   space 117248K, 0% used [0x00000000f1b00000,0x00000000f1b00000,0x00000000f8d80000)
 ParOldGen       total 588800K, used 243312K [0x00000000a0000000, 0x00000000c3f00000, 0x00000000e0000000)
  object space 588800K, 41% used [0x00000000a0000000,0x00000000aed9c1e0,0x00000000c3f00000)
 Metaspace       used 87927K, capacity 90974K, committed 93976K, reserved 1130496K
  class space    used 11259K, capacity 11901K, committed 12584K, reserved 1048576K
Event: 26.191 GC heap after
Heap after GC invocations=23 (full 4):
 PSYoungGen      total 407040K, used 54408K [0x00000000e0000000, 0x0000000100000000, 0x0000000100000000)
  eden space 289792K, 0% used [0x00000000e0000000,0x00000000e0000000,0x00000000f1b00000)
  from space 117248K, 46% used [0x00000000f1b00000,0x00000000f5022108,0x00000000f8d80000)
  to   space 113664K, 0% used [0x00000000f9100000,0x00000000f9100000,0x0000000100000000)
 ParOldGen       total 588800K, used 243312K [0x00000000a0000000, 0x00000000c3f00000, 0x00000000e0000000)
  object space 588800K, 41% used [0x00000000a0000000,0x00000000aed9c1e0,0x00000000c3f00000)
 Metaspace       used 87927K, capacity 90974K, committed 93976K, reserved 1130496K
  class space    used 11259K, capacity 11901K, committed 12584K, reserved 1048576K
}

